  main.cpp
C:\opencv\mybuild\build\install\include\opencv2\core\mat.inl.hpp(103,57): warning C5054: operator '+': deprecated between enumerations of different types
  (compiling source file '../../yolov8/main.cpp')
  
C:\opencv\mybuild\build\install\include\opencv2\core\mat.inl.hpp(104,83): warning C5054: operator '+': deprecated between enumerations of different types
  (compiling source file '../../yolov8/main.cpp')
  
C:\opencv\mybuild\build\install\include\opencv2\core\mat.inl.hpp(105,59): warning C5054: operator '+': deprecated between enumerations of different types
  (compiling source file '../../yolov8/main.cpp')
  
C:\opencv\mybuild\build\install\include\opencv2\core\mat.inl.hpp(106,85): warning C5054: operator '+': deprecated between enumerations of different types
  (compiling source file '../../yolov8/main.cpp')
  
C:\opencv\mybuild\build\install\include\opencv2\core\mat.inl.hpp(148,21): warning C5054: operator '+': deprecated between enumerations of different types
  (compiling source file '../../yolov8/main.cpp')
  
C:\opencv\mybuild\build\install\include\opencv2\core\mat.inl.hpp(151,32): warning C5054: operator '+': deprecated between enumerations of different types
  (compiling source file '../../yolov8/main.cpp')
  
C:\opencv\mybuild\build\install\include\opencv2\core\mat.inl.hpp(154,22): warning C5054: operator '+': deprecated between enumerations of different types
  (compiling source file '../../yolov8/main.cpp')
  
C:\opencv\mybuild\build\install\include\opencv2\core\mat.inl.hpp(157,22): warning C5054: operator '+': deprecated between enumerations of different types
  (compiling source file '../../yolov8/main.cpp')
  
C:\opencv\mybuild\build\install\include\opencv2\core\mat.inl.hpp(200,49): warning C5054: operator '+': deprecated between enumerations of different types
  (compiling source file '../../yolov8/main.cpp')
  
C:\opencv\mybuild\build\install\include\opencv2\core\mat.inl.hpp(202,53): warning C5054: operator '+': deprecated between enumerations of different types
  (compiling source file '../../yolov8/main.cpp')
  
C:\opencv\mybuild\build\install\include\opencv2\core\mat.inl.hpp(203,80): warning C5054: operator '+': deprecated between enumerations of different types
  (compiling source file '../../yolov8/main.cpp')
  
C:\opencv\mybuild\build\install\include\opencv2\core\mat.inl.hpp(204,56): warning C5054: operator '+': deprecated between enumerations of different types
  (compiling source file '../../yolov8/main.cpp')
  
C:\opencv\mybuild\build\install\include\opencv2\core\mat.inl.hpp(205,82): warning C5054: operator '+': deprecated between enumerations of different types
  (compiling source file '../../yolov8/main.cpp')
  
C:\opencv\mybuild\build\install\include\opencv2\core\mat.inl.hpp(272,21): warning C5054: operator '+': deprecated between enumerations of different types
  (compiling source file '../../yolov8/main.cpp')
  
C:\opencv\mybuild\build\install\include\opencv2\core\mat.inl.hpp(275,32): warning C5054: operator '+': deprecated between enumerations of different types
  (compiling source file '../../yolov8/main.cpp')
  
C:\opencv\mybuild\build\install\include\opencv2\core\mat.inl.hpp(278,22): warning C5054: operator '+': deprecated between enumerations of different types
  (compiling source file '../../yolov8/main.cpp')
  
C:\opencv\mybuild\build\install\include\opencv2\core\mat.inl.hpp(281,22): warning C5054: operator '+': deprecated between enumerations of different types
  (compiling source file '../../yolov8/main.cpp')
  
C:\opencv\mybuild\build\install\include\opencv2\core\mat.inl.hpp(328,63): warning C5054: operator '+': deprecated between enumerations of different types
  (compiling source file '../../yolov8/main.cpp')
  
C:\opencv\mybuild\build\install\include\opencv2\core\mat.inl.hpp(329,89): warning C5054: operator '+': deprecated between enumerations of different types
  (compiling source file '../../yolov8/main.cpp')
  
C:\opencv\mybuild\build\install\include\opencv2\core\mat.inl.hpp(330,65): warning C5054: operator '+': deprecated between enumerations of different types
  (compiling source file '../../yolov8/main.cpp')
  
C:\opencv\mybuild\build\install\include\opencv2\core\mat.inl.hpp(331,91): warning C5054: operator '+': deprecated between enumerations of different types
  (compiling source file '../../yolov8/main.cpp')
  
C:\opencv\mybuild\build\install\include\opencv2\core\mat.inl.hpp(398,21): warning C5054: operator '+': deprecated between enumerations of different types
  (compiling source file '../../yolov8/main.cpp')
  
C:\opencv\mybuild\build\install\include\opencv2\core\mat.inl.hpp(401,22): warning C5054: operator '+': deprecated between enumerations of different types
  (compiling source file '../../yolov8/main.cpp')
  
C:\opencv\mybuild\build\install\include\opencv2\core\mat.inl.hpp(404,22): warning C5054: operator '+': deprecated between enumerations of different types
  (compiling source file '../../yolov8/main.cpp')
  
C:\opencv\mybuild\build\install\include\opencv2\videoio.hpp(309,80): warning C5054: operator '+': deprecated between enumerations of different types
  (compiling source file '../../yolov8/main.cpp')
  
C:\opencv\mybuild\build\install\include\opencv2\videoio.hpp(310,80): warning C5054: operator '+': deprecated between enumerations of different types
  (compiling source file '../../yolov8/main.cpp')
  
C:\opencv\mybuild\build\install\include\opencv2\videoio.hpp(311,80): warning C5054: operator '+': deprecated between enumerations of different types
  (compiling source file '../../yolov8/main.cpp')
  
C:\opencv\mybuild\build\install\include\opencv2\videoio.hpp(312,80): warning C5054: operator '+': deprecated between enumerations of different types
  (compiling source file '../../yolov8/main.cpp')
  
C:\opencv\mybuild\build\install\include\opencv2\videoio.hpp(313,80): warning C5054: operator '+': deprecated between enumerations of different types
  (compiling source file '../../yolov8/main.cpp')
  
C:\opencv\mybuild\build\install\include\opencv2\videoio.hpp(314,80): warning C5054: operator '+': deprecated between enumerations of different types
  (compiling source file '../../yolov8/main.cpp')
  
C:\opencv\mybuild\build\install\include\opencv2\videoio.hpp(316,77): warning C5054: operator '+': deprecated between enumerations of different types
  (compiling source file '../../yolov8/main.cpp')
  
C:\dell\RyzenAI-SW\RyzenAI-SW\tutorial\yolov8\yolov8\yolov8_cpp2\yolov8\main.cpp(242,18): warning C4189: 'TARGET_FPS': local variable is initialized but not referenced
C:\dell\RyzenAI-SW\RyzenAI-SW\tutorial\yolov8\yolov8\yolov8_cpp2\yolov8\main.cpp(241,16): warning C4189: 'CAP_DISPLAY_FPS': local variable is initialized but not referenced
C:\opencv\mybuild\build\install\include\opencv2\core\mat.inl.hpp(533,23): warning C5054: operator '+': deprecated between enumerations of different types
  (compiling source file '../../yolov8/main.cpp')
      C:\opencv\mybuild\build\install\include\opencv2\core\mat.inl.hpp(533,23):
      the template instantiation context (the oldest one first) is
          C:\opencv\mybuild\build\install\include\opencv2\imgproc.hpp(2552,15):
          see reference to function template instantiation 'cv::Mat::Mat<double,2,3>(const cv::Matx<double,2,3> &,bool)' being compiled
  
C:\dell\libtorch\include\c10\util\irange.h(64,1): warning C4702: unreachable code
C:\dell\libtorch\include\c10\util\irange.h(64,1): warning C4702: unreachable code
     Creating library C:/dell/RyzenAI-SW/RyzenAI-SW/tutorial/yolov8/yolov8/yolov8_cpp2/build/yolov8/Release/yolov8_demo.lib and object C:/dell/RyzenAI-SW/RyzenAI-SW/tutorial/yolov8/yolov8/yolov8_cpp2/build/yolov8/Release/yolov8_demo.exp
  yolov8_demo.vcxproj -> C:\dell\RyzenAI-SW\RyzenAI-SW\tutorial\yolov8\yolov8\yolov8_cpp2\build\yolov8\Release\yolov8_demo.exe
